Traceback (most recent call last):
  File "/opt/hostedtoolcache/Python/3.11.10/x64/lib/python3.11/site-packages/jupyter_cache/executors/utils.py", line 58, in single_nb_execution
    executenb(
  File "/opt/hostedtoolcache/Python/3.11.10/x64/lib/python3.11/site-packages/nbclient/client.py", line 1314, in execute
    return NotebookClient(nb=nb, resources=resources, km=km, **kwargs).execute()
           ^^^^^^^^^^^^^^^^^^^^^^^^^^^^^^^^^^^^^^^^^^^^^^^^^^^^^^^^^^^^^^^^^^^^^
  File "/opt/hostedtoolcache/Python/3.11.10/x64/lib/python3.11/site-packages/jupyter_core/utils/__init__.py", line 165, in wrapped
    return loop.run_until_complete(inner)
           ^^^^^^^^^^^^^^^^^^^^^^^^^^^^^^
  File "/opt/hostedtoolcache/Python/3.11.10/x64/lib/python3.11/asyncio/base_events.py", line 654, in run_until_complete
    return future.result()
           ^^^^^^^^^^^^^^^
  File "/opt/hostedtoolcache/Python/3.11.10/x64/lib/python3.11/site-packages/nbclient/client.py", line 709, in async_execute
    await self.async_execute_cell(
  File "/opt/hostedtoolcache/Python/3.11.10/x64/lib/python3.11/site-packages/nbclient/client.py", line 1062, in async_execute_cell
    await self._check_raise_for_error(cell, cell_index, exec_reply)
  File "/opt/hostedtoolcache/Python/3.11.10/x64/lib/python3.11/site-packages/nbclient/client.py", line 918, in _check_raise_for_error
    raise CellExecutionError.from_cell_and_msg(cell, exec_reply_content)
nbclient.exceptions.CellExecutionError: An error occurred while executing the following cell:
------------------
mymodel.calc_weights()
wfrac = mymodel.get_weight_contribution()
plt.figure(figsize=(3.5, 2.5))
plt.plot(mymodel.Wtot, wfrac[0], label="gas")
plt.plot(mymodel.Wtot, wfrac[1], label="star")
plt.plot(mymodel.Wtot, wfrac[2], label="dm")
plt.ylabel(r"$\mathcal{W}_i/\mathcal{W}_{\rm tot}$")
plt.xlabel(r"$\mathcal{W}_{\rm tot}$")
plt.xscale("log")
plt.legend()
------------------


[0;31m---------------------------------------------------------------------------[0m
[0;31mKeyError[0m                                  Traceback (most recent call last)
Cell [0;32mIn[9], line 1[0m
[0;32m----> 1[0m [43mmymodel[49m[38;5;241;43m.[39;49m[43mcalc_weights[49m[43m([49m[43m)[49m
[1;32m      2[0m wfrac [38;5;241m=[39m mymodel[38;5;241m.[39mget_weight_contribution()
[1;32m      3[0m plt[38;5;241m.[39mfigure(figsize[38;5;241m=[39m([38;5;241m3.5[39m, [38;5;241m2.5[39m))

File [0;32m~/work/PRFM/PRFM/book/../prfm/prfm.py:1028[0m, in [0;36mPRFM.calc_weights[0;34m(self, method)[0m
[1;32m   1025[0m [38;5;28mself[39m[38;5;241m.[39mWtot [38;5;241m=[39m Wtot [38;5;241m/[39m u_cgs
[1;32m   1027[0m [38;5;28;01mif[39;00m [38;5;28mhasattr[39m([38;5;28mself[39m, [38;5;124m"[39m[38;5;124m_sigma_eff_model[39m[38;5;124m"[39m):
[0;32m-> 1028[0m     [38;5;28mself[39m[38;5;241m.[39m_sigma_eff [38;5;241m=[39m [43mget_sigma_eff[49m[43m([49m[43mWtot[49m[43m,[49m[43m [49m[43mmodel[49m[38;5;241;43m=[39;49m[38;5;28;43mself[39;49m[38;5;241;43m.[39;49m[43m_sigma_eff_model[49m[43m)[49m
[1;32m   1029[0m     [38;5;28mself[39m[38;5;241m.[39msigma_eff [38;5;241m=[39m [38;5;28mself[39m[38;5;241m.[39m_sigma_eff [38;5;241m/[39m [38;5;28mself[39m[38;5;241m.[39munits[[38;5;124m"[39m[38;5;124msigma_eff[39m[38;5;124m"[39m][38;5;241m.[39mcgs[38;5;241m.[39mvalue

File [0;32m~/work/PRFM/PRFM/book/../prfm/prfm.py:326[0m, in [0;36mget_sigma_eff[0;34m(P, Z, model)[0m
[1;32m    324[0m [38;5;28;01mdef[39;00m [38;5;21mget_sigma_eff[39m(P, Z[38;5;241m=[39m[38;5;28;01mNone[39;00m, model[38;5;241m=[39m[38;5;124m"[39m[38;5;124mtigress_mid[39m[38;5;124m"[39m):
[1;32m    325[0m [38;5;250m    [39m[38;5;124;03m"""pressure-dependent velocity dispersion model"""[39;00m
[0;32m--> 326[0m     sigma_eff_model [38;5;241m=[39m [43m_sigma_eff_models[49m[43m[[49m[43mmodel[49m[43m][49m
[1;32m    327[0m     sigma_0 [38;5;241m=[39m sigma_eff_model[[38;5;124m"[39m[38;5;124msigma_0[39m[38;5;124m"[39m]
[1;32m    328[0m     expo [38;5;241m=[39m sigma_eff_model[[38;5;124m"[39m[38;5;124mexpo[39m[38;5;124m"[39m]

[0;31mKeyError[0m: 'constant'

